2021-02-06 16:52:34 hello FileLogger
2021-02-06 16:52:34 Simple Context is now starting!
2021-02-06 16:52:34 Simple Context has started!
2021-02-06 22:33:39 hello FileLogger
2021-02-06 22:33:39 Simple Context is now starting!
2021-02-06 22:33:39 Simple Context has started!
2021-02-06 22:35:40 hello FileLogger
2021-02-06 22:35:40 Simple Context is now starting!
2021-02-06 22:35:40 Simple Context has started!
2021-02-06 22:36:22 Simple Context is now stopping!
2021-02-06 22:36:22 Simple Context is stopped!
2021-02-06 22:36:26 hello FileLogger
2021-02-06 22:36:26 Simple Context is now starting!
2021-02-06 22:36:26 Simple Context has started!
2021-02-06 22:37:31 hello FileLogger
2021-02-06 22:37:31 Simple Context is now starting!
2021-02-06 22:37:31 Simple Context has started!
2021-02-06 22:39:06 hello FileLogger
2021-02-06 22:39:06 Simple Context is now starting!
2021-02-06 22:39:06 Simple Context has started!
2021-02-06 22:53:55 hello FileLogger
2021-02-06 22:53:55 Simple Context is now starting!
2021-02-06 22:53:55 Simple Context has started!
