2021-01-30 15:49:24 hello FileLogger
2021-01-30 15:49:24 Simple Context is now starting!
2021-01-30 15:49:24 Simple Context has started!
2021-01-30 15:55:35 hello FileLogger
2021-01-30 15:55:35 Simple Context is now starting!
2021-01-30 15:55:35 Simple Context has started!
2021-01-30 15:59:19 Simple Context is now stopping!
2021-01-30 15:59:19 Simple Context is stopped!
2021-01-30 15:59:24 hello FileLogger
2021-01-30 15:59:24 Simple Context is now starting!
2021-01-30 15:59:24 Simple Context has started!
2021-01-30 15:59:39 hello FileLogger
2021-01-30 15:59:39 Simple Context is now starting!
2021-01-30 15:59:39 Simple Context has started!
2021-01-30 16:00:37 hello FileLogger
2021-01-30 16:00:37 Simple Context is now starting!
2021-01-30 16:00:37 Simple Context has started!
2021-01-30 16:02:40 hello FileLogger
2021-01-30 16:02:40 Simple Context is now starting!
2021-01-30 16:02:40 Simple Context has started!
2021-01-30 16:05:14 Simple Context is now stopping!
2021-01-30 16:05:14 Simple Context is stopped!
2021-01-30 16:05:22 hello FileLogger
2021-01-30 16:05:22 Simple Context is now starting!
2021-01-30 16:05:22 Simple Context has started!
2021-01-30 16:09:49 hello FileLogger
2021-01-30 16:09:49 Simple Context is now starting!
2021-01-30 16:09:49 Simple Context has started!
2021-01-30 16:12:19 Simple Context is now stopping!
2021-01-30 16:12:19 Simple Context is stopped!
2021-01-30 16:12:25 hello FileLogger
2021-01-30 16:12:25 Simple Context is now starting!
2021-01-30 16:12:25 Simple Context has started!
2021-01-30 16:16:29 hello FileLogger
2021-01-30 16:16:29 Simple Context is now starting!
2021-01-30 16:16:29 Simple Context has started!
2021-01-30 16:18:02 Simple Context is now stopping!
2021-01-30 16:18:02 Simple Context is stopped!
2021-01-30 16:18:06 hello FileLogger
2021-01-30 16:18:06 Simple Context is now starting!
2021-01-30 16:18:06 Simple Context has started!
2021-01-30 16:19:09 Simple Context is now stopping!
2021-01-30 16:19:09 Simple Context is stopped!
2021-01-30 16:19:14 hello FileLogger
2021-01-30 16:19:14 Simple Context is now starting!
2021-01-30 16:19:14 Simple Context has started!
2021-01-30 16:34:05 Simple Context is now stopping!
2021-01-30 16:34:05 Simple Context is stopped!
2021-01-30 16:34:11 hello FileLogger
2021-01-30 16:34:26 Simple Context is now starting!
2021-01-30 16:34:26 Simple Context has started!
2021-01-30 16:41:23 Simple Context is now stopping!
2021-01-30 16:41:23 Simple Context is stopped!
2021-01-30 16:42:02 hello FileLogger
2021-01-30 16:42:02 Simple Context is now starting!
2021-01-30 16:42:02 Simple Context has started!
2021-01-30 16:47:37 hello FileLogger
2021-01-30 16:47:37 Simple Context is now starting!
2021-01-30 16:47:37 Simple Context has started!
2021-01-30 16:48:58 hello FileLogger
2021-01-30 16:48:58 Simple Context is now starting!
2021-01-30 16:48:58 Simple Context has started!
2021-01-30 16:55:29 hello FileLogger
2021-01-30 16:55:29 Simple Context is now starting!
2021-01-30 16:55:29 Simple Context has started!
2021-01-30 17:09:38 hello FileLogger
2021-01-30 17:09:38 Simple Context is now starting!
2021-01-30 17:09:38 Simple Context has started!
2021-01-30 19:44:01 hello FileLogger
2021-01-30 19:44:01 Simple Context is now starting!
2021-01-30 19:44:01 Simple Context has started!
2021-01-30 20:05:39 hello FileLogger
2021-01-30 20:05:39 Simple Context is now starting!
2021-01-30 20:05:39 Simple Context has started!
2021-01-30 22:39:04 hello FileLogger
2021-01-30 22:39:04 Simple Context is now starting!
2021-01-30 22:39:04 Simple Context has started!
2021-01-30 22:40:07 hello FileLogger
2021-01-30 22:40:07 Simple Context is now starting!
2021-01-30 22:40:07 Simple Context has started!
2021-01-30 22:40:26 hello FileLogger
2021-01-30 22:40:30 Simple Context is now starting!
2021-01-30 22:40:30 Simple Context has started!
2021-01-30 22:42:25 Simple Context is now stopping!
2021-01-30 22:42:25 Simple Context is stopped!
2021-01-30 22:42:32 hello FileLogger
2021-01-30 22:42:32 Simple Context is now starting!
2021-01-30 22:42:32 Simple Context has started!
2021-01-30 22:44:14 Simple Context is now stopping!
2021-01-30 22:44:14 Simple Context is stopped!
2021-01-30 22:44:19 hello FileLogger
2021-01-30 22:44:19 Simple Context is now starting!
2021-01-30 22:44:19 Simple Context has started!
2021-01-30 22:44:42 hello FileLogger
2021-01-30 22:44:42 Simple Context is now starting!
2021-01-30 22:44:42 Simple Context has started!
2021-01-30 22:46:49 Simple Context is now stopping!
2021-01-30 22:46:49 Simple Context is stopped!
2021-01-30 22:46:54 hello FileLogger
2021-01-30 22:46:55 Simple Context is now starting!
2021-01-30 22:46:55 Simple Context has started!
2021-01-30 22:47:19 hello FileLogger
2021-01-30 22:47:19 Simple Context is now starting!
2021-01-30 22:47:19 Simple Context has started!
2021-01-30 22:53:26 Simple Context is now stopping!
2021-01-30 22:53:26 Simple Context is stopped!
2021-01-30 22:53:31 hello FileLogger
2021-01-30 22:53:31 Simple Context is now starting!
2021-01-30 22:53:31 Simple Context has started!
2021-01-30 22:55:37 Simple Context is now stopping!
2021-01-30 22:55:37 Simple Context is stopped!
2021-01-30 22:55:42 hello FileLogger
2021-01-30 22:55:42 Simple Context is now starting!
2021-01-30 22:55:42 Simple Context has started!
