2021-02-02 21:59:45 hello FileLogger
2021-02-02 21:59:45 Simple Context is now starting!
2021-02-02 21:59:45 Simple Context has started!
2021-02-02 22:02:14 hello FileLogger
2021-02-02 22:02:14 Simple Context is now starting!
2021-02-02 22:02:14 Simple Context has started!
2021-02-02 22:03:24 hello FileLogger
2021-02-02 22:03:24 Simple Context is now starting!
2021-02-02 22:03:24 Simple Context has started!
2021-02-02 22:04:03 hello FileLogger
2021-02-02 22:04:03 Simple Context is now starting!
2021-02-02 22:04:03 Simple Context has started!
2021-02-02 22:08:07 hello FileLogger
2021-02-02 22:08:07 Simple Context is now starting!
2021-02-02 22:08:07 Simple Context has started!
2021-02-02 22:12:02 Simple Context is now stopping!
2021-02-02 22:12:02 Simple Context is stopped!
2021-02-02 22:12:09 hello FileLogger
2021-02-02 22:12:09 Simple Context is now starting!
2021-02-02 22:12:09 Simple Context has started!
2021-02-02 22:12:58 hello FileLogger
2021-02-02 22:12:58 Simple Context is now starting!
2021-02-02 22:12:58 Simple Context has started!
2021-02-02 22:17:12 Simple Context is now stopping!
2021-02-02 22:17:12 Simple Context is stopped!
2021-02-02 22:17:16 hello FileLogger
2021-02-02 22:17:16 Simple Context is now starting!
2021-02-02 22:17:16 Simple Context has started!
2021-02-02 22:17:41 hello FileLogger
2021-02-02 22:17:41 Simple Context is now starting!
2021-02-02 22:17:41 Simple Context has started!
2021-02-02 22:20:16 Simple Context is now stopping!
2021-02-02 22:20:16 Simple Context is stopped!
2021-02-02 22:20:34 hello FileLogger
2021-02-02 22:20:34 Simple Context is now starting!
2021-02-02 22:20:34 Simple Context has started!
2021-02-02 22:20:47 hello FileLogger
2021-02-02 22:20:47 Simple Context is now starting!
2021-02-02 22:20:47 Simple Context has started!
2021-02-02 22:30:54 Simple Context is now stopping!
2021-02-02 22:30:54 Simple Context is stopped!
2021-02-02 22:30:59 hello FileLogger
2021-02-02 22:30:59 Simple Context is now starting!
2021-02-02 22:30:59 Simple Context has started!
2021-02-02 22:33:49 Simple Context is now stopping!
2021-02-02 22:33:49 Simple Context is stopped!
2021-02-02 22:34:08 hello FileLogger
2021-02-02 22:34:09 Simple Context is now starting!
2021-02-02 22:34:09 Simple Context has started!
2021-02-02 22:34:59 Simple Context is now stopping!
2021-02-02 22:34:59 Simple Context is stopped!
2021-02-02 22:36:13 hello FileLogger
2021-02-02 22:36:13 Simple Context is now starting!
2021-02-02 22:36:13 Simple Context has started!
2021-02-02 22:36:49 Simple Context is now stopping!
2021-02-02 22:36:49 Simple Context is stopped!
2021-02-02 22:37:16 hello FileLogger
2021-02-02 22:37:16 Simple Context is now starting!
2021-02-02 22:37:16 Simple Context has started!
2021-02-02 22:42:28 hello FileLogger
2021-02-02 22:42:28 Simple Context is now starting!
2021-02-02 22:42:28 Simple Context has started!
